<?xml version="1.0" encoding="UTF-8"?>
<testsuite name="MTStressTest" tests="1" skipped="0" failures="0" errors="0" timestamp="2022-01-21T16:57:08" hostname="rytuo" time="31.677">
  <properties/>
  <testcase name="testStress" classname="MTStressTest" time="31.677"/>
  <system-out><![CDATA[Phase # 1 - done      1,046 ops (warm up)
Phase # 2 - done      1,472 ops (warm up)
Phase # 3 - done      1,043 ops (warm up)
Phase # 4 - done      1,327 ops (warm up)
Phase # 5 - done      1,401 ops (warm up)
Phase # 6 - done      1,058 ops (measure)
Phase # 7 - done      1,111 ops (measure)
Phase # 8 - done      1,179 ops (measure)
Phase # 9 - done      1,052 ops (measure)
Phase #10 - done      1,880 ops (measure)
Average ops per phase: 1,256 +- 353
]]></system-out>
  <system-err><![CDATA[]]></system-err>
</testsuite>
